The system is: Darwin - 15.6.0 - x86_64
Compiling the C compiler identification source file "CMakeCCompilerId.c" succeeded.
Compiler: /Applications/Xcode.app/Contents/Developer/Toolchains/XcodeDefault.xctoolchain/usr/bin/cc 
Build flags: 
Id flags: 

The output was:
0


Compilation of the C compiler identification source "CMakeCCompilerId.c" produced "a.out"

The C compiler identification is AppleClang, found in "/Users/Alex/Projekte/LLVMInstrumentFunctions/build/CMakeFiles/3.6.1/CompilerIdC/a.out"

Compiling the CXX compiler identification source file "CMakeCXXCompilerId.cpp" succeeded.
Compiler: /Applications/Xcode.app/Contents/Developer/Toolchains/XcodeDefault.xctoolchain/usr/bin/c++ 
Build flags: 
Id flags: 

The output was:
0


Compilation of the CXX compiler identification source "CMakeCXXCompilerId.cpp" produced "a.out"

The CXX compiler identification is AppleClang, found in "/Users/Alex/Projekte/LLVMInstrumentFunctions/build/CMakeFiles/3.6.1/CompilerIdCXX/a.out"

Determining if the C compiler works passed with the following output:
Change Dir: /Users/Alex/Projekte/LLVMInstrumentFunctions/build/CMakeFiles/CMakeTmp

Run Build Command:"/usr/bin/make" "cmTC_c591a/fast"
/Applications/Xcode.app/Contents/Developer/usr/bin/make -f CMakeFiles/cmTC_c591a.dir/build.make CMakeFiles/cmTC_c591a.dir/build
Building C object CMakeFiles/cmTC_c591a.dir/testCCompiler.c.o
/Applications/Xcode.app/Contents/Developer/Toolchains/XcodeDefault.xctoolchain/usr/bin/cc     -o CMakeFiles/cmTC_c591a.dir/testCCompiler.c.o   -c /Users/Alex/Projekte/LLVMInstrumentFunctions/build/CMakeFiles/CMakeTmp/testCCompiler.c
Linking C executable cmTC_c591a
/usr/local/Cellar/cmake/3.6.1/bin/cmake -E cmake_link_script CMakeFiles/cmTC_c591a.dir/link.txt --verbose=1
/Applications/Xcode.app/Contents/Developer/Toolchains/XcodeDefault.xctoolchain/usr/bin/cc    -Wl,-search_paths_first -Wl,-headerpad_max_install_names   CMakeFiles/cmTC_c591a.dir/testCCompiler.c.o  -o cmTC_c591a  


Detecting C compiler ABI info compiled with the following output:
Change Dir: /Users/Alex/Projekte/LLVMInstrumentFunctions/build/CMakeFiles/CMakeTmp

Run Build Command:"/usr/bin/make" "cmTC_6eb01/fast"
/Applications/Xcode.app/Contents/Developer/usr/bin/make -f CMakeFiles/cmTC_6eb01.dir/build.make CMakeFiles/cmTC_6eb01.dir/build
Building C object CMakeFiles/cmTC_6eb01.dir/CMakeCCompilerABI.c.o
/Applications/Xcode.app/Contents/Developer/Toolchains/XcodeDefault.xctoolchain/usr/bin/cc     -o CMakeFiles/cmTC_6eb01.dir/CMakeCCompilerABI.c.o   -c /usr/local/Cellar/cmake/3.6.1/share/cmake/Modules/CMakeCCompilerABI.c
Linking C executable cmTC_6eb01
/usr/local/Cellar/cmake/3.6.1/bin/cmake -E cmake_link_script CMakeFiles/cmTC_6eb01.dir/link.txt --verbose=1
/Applications/Xcode.app/Contents/Developer/Toolchains/XcodeDefault.xctoolchain/usr/bin/cc    -Wl,-search_paths_first -Wl,-headerpad_max_install_names  -v -Wl,-v CMakeFiles/cmTC_6eb01.dir/CMakeCCompilerABI.c.o  -o cmTC_6eb01   
Apple LLVM version 7.3.0 (clang-703.0.31)
Target: x86_64-apple-darwin15.6.0
Thread model: posix
InstalledDir: /Applications/Xcode.app/Contents/Developer/Toolchains/XcodeDefault.xctoolchain/usr/bin
 "/Applications/Xcode.app/Contents/Developer/Toolchains/XcodeDefault.xctoolchain/usr/bin/ld" -demangle -dynamic -arch x86_64 -macosx_version_min 10.11.0 -o cmTC_6eb01 -search_paths_first -headerpad_max_install_names -v CMakeFiles/cmTC_6eb01.dir/CMakeCCompilerABI.c.o -lSystem /Applications/Xcode.app/Contents/Developer/Toolchains/XcodeDefault.xctoolchain/usr/bin/../lib/clang/7.3.0/lib/darwin/libclang_rt.osx.a
@(#)PROGRAM:ld  PROJECT:ld64-264.3.102
configured to support archs: armv6 armv7 armv7s arm64 i386 x86_64 x86_64h armv6m armv7k armv7m armv7em (tvOS)
Library search paths:
	/usr/lib
	/usr/local/lib
Framework search paths:
	/Library/Frameworks/
	/System/Library/Frameworks/


Parsed C implicit link information from above output:
  link line regex: [^( *|.*[/\])(ld|([^/\]+-)?ld|collect2)[^/\]*( |$)]
  ignore line: [Change Dir: /Users/Alex/Projekte/LLVMInstrumentFunctions/build/CMakeFiles/CMakeTmp]
  ignore line: []
  ignore line: [Run Build Command:"/usr/bin/make" "cmTC_6eb01/fast"]
  ignore line: [/Applications/Xcode.app/Contents/Developer/usr/bin/make -f CMakeFiles/cmTC_6eb01.dir/build.make CMakeFiles/cmTC_6eb01.dir/build]
  ignore line: [Building C object CMakeFiles/cmTC_6eb01.dir/CMakeCCompilerABI.c.o]
  ignore line: [/Applications/Xcode.app/Contents/Developer/Toolchains/XcodeDefault.xctoolchain/usr/bin/cc     -o CMakeFiles/cmTC_6eb01.dir/CMakeCCompilerABI.c.o   -c /usr/local/Cellar/cmake/3.6.1/share/cmake/Modules/CMakeCCompilerABI.c]
  ignore line: [Linking C executable cmTC_6eb01]
  ignore line: [/usr/local/Cellar/cmake/3.6.1/bin/cmake -E cmake_link_script CMakeFiles/cmTC_6eb01.dir/link.txt --verbose=1]
  ignore line: [/Applications/Xcode.app/Contents/Developer/Toolchains/XcodeDefault.xctoolchain/usr/bin/cc    -Wl,-search_paths_first -Wl,-headerpad_max_install_names  -v -Wl,-v CMakeFiles/cmTC_6eb01.dir/CMakeCCompilerABI.c.o  -o cmTC_6eb01   ]
  ignore line: [Apple LLVM version 7.3.0 (clang-703.0.31)]
  ignore line: [Target: x86_64-apple-darwin15.6.0]
  ignore line: [Thread model: posix]
  ignore line: [InstalledDir: /Applications/Xcode.app/Contents/Developer/Toolchains/XcodeDefault.xctoolchain/usr/bin]
  link line: [ "/Applications/Xcode.app/Contents/Developer/Toolchains/XcodeDefault.xctoolchain/usr/bin/ld" -demangle -dynamic -arch x86_64 -macosx_version_min 10.11.0 -o cmTC_6eb01 -search_paths_first -headerpad_max_install_names -v CMakeFiles/cmTC_6eb01.dir/CMakeCCompilerABI.c.o -lSystem /Applications/Xcode.app/Contents/Developer/Toolchains/XcodeDefault.xctoolchain/usr/bin/../lib/clang/7.3.0/lib/darwin/libclang_rt.osx.a]
    arg [/Applications/Xcode.app/Contents/Developer/Toolchains/XcodeDefault.xctoolchain/usr/bin/ld] ==> ignore
    arg [-demangle] ==> ignore
    arg [-dynamic] ==> ignore
    arg [-arch] ==> ignore
    arg [x86_64] ==> ignore
    arg [-macosx_version_min] ==> ignore
    arg [10.11.0] ==> ignore
    arg [-o] ==> ignore
    arg [cmTC_6eb01] ==> ignore
    arg [-search_paths_first] ==> ignore
    arg [-headerpad_max_install_names] ==> ignore
    arg [-v] ==> ignore
    arg [CMakeFiles/cmTC_6eb01.dir/CMakeCCompilerABI.c.o] ==> ignore
    arg [-lSystem] ==> lib [System]
    arg [/Applications/Xcode.app/Contents/Developer/Toolchains/XcodeDefault.xctoolchain/usr/bin/../lib/clang/7.3.0/lib/darwin/libclang_rt.osx.a] ==> lib [/Applications/Xcode.app/Contents/Developer/Toolchains/XcodeDefault.xctoolchain/usr/bin/../lib/clang/7.3.0/lib/darwin/libclang_rt.osx.a]
  Library search paths: [;/usr/lib;/usr/local/lib]
  Framework search paths: [;/Library/Frameworks/;/System/Library/Frameworks/]
  remove lib [System]
  collapse lib [/Applications/Xcode.app/Contents/Developer/Toolchains/XcodeDefault.xctoolchain/usr/bin/../lib/clang/7.3.0/lib/darwin/libclang_rt.osx.a] ==> [/Applications/Xcode.app/Contents/Developer/Toolchains/XcodeDefault.xctoolchain/usr/lib/clang/7.3.0/lib/darwin/libclang_rt.osx.a]
  collapse library dir [/usr/lib] ==> [/usr/lib]
  collapse library dir [/usr/local/lib] ==> [/usr/local/lib]
  collapse framework dir [/Library/Frameworks/] ==> [/Library/Frameworks]
  collapse framework dir [/System/Library/Frameworks/] ==> [/System/Library/Frameworks]
  implicit libs: [/Applications/Xcode.app/Contents/Developer/Toolchains/XcodeDefault.xctoolchain/usr/lib/clang/7.3.0/lib/darwin/libclang_rt.osx.a]
  implicit dirs: [/usr/lib;/usr/local/lib]
  implicit fwks: [/Library/Frameworks;/System/Library/Frameworks]




Detecting C [-std=c11] compiler features compiled with the following output:
Change Dir: /Users/Alex/Projekte/LLVMInstrumentFunctions/build/CMakeFiles/CMakeTmp

Run Build Command:"/usr/bin/make" "cmTC_696b9/fast"
/Applications/Xcode.app/Contents/Developer/usr/bin/make -f CMakeFiles/cmTC_696b9.dir/build.make CMakeFiles/cmTC_696b9.dir/build
Building C object CMakeFiles/cmTC_696b9.dir/feature_tests.c.o
/Applications/Xcode.app/Contents/Developer/Toolchains/XcodeDefault.xctoolchain/usr/bin/cc    -std=c11 -o CMakeFiles/cmTC_696b9.dir/feature_tests.c.o   -c /Users/Alex/Projekte/LLVMInstrumentFunctions/build/CMakeFiles/feature_tests.c
Linking C executable cmTC_696b9
/usr/local/Cellar/cmake/3.6.1/bin/cmake -E cmake_link_script CMakeFiles/cmTC_696b9.dir/link.txt --verbose=1
/Applications/Xcode.app/Contents/Developer/Toolchains/XcodeDefault.xctoolchain/usr/bin/cc    -Wl,-search_paths_first -Wl,-headerpad_max_install_names   CMakeFiles/cmTC_696b9.dir/feature_tests.c.o  -o cmTC_696b9  


    Feature record: C_FEATURE:1c_function_prototypes
    Feature record: C_FEATURE:1c_restrict
    Feature record: C_FEATURE:1c_static_assert
    Feature record: C_FEATURE:1c_variadic_macros


Detecting C [-std=c99] compiler features compiled with the following output:
Change Dir: /Users/Alex/Projekte/LLVMInstrumentFunctions/build/CMakeFiles/CMakeTmp

Run Build Command:"/usr/bin/make" "cmTC_09a1b/fast"
/Applications/Xcode.app/Contents/Developer/usr/bin/make -f CMakeFiles/cmTC_09a1b.dir/build.make CMakeFiles/cmTC_09a1b.dir/build
Building C object CMakeFiles/cmTC_09a1b.dir/feature_tests.c.o
/Applications/Xcode.app/Contents/Developer/Toolchains/XcodeDefault.xctoolchain/usr/bin/cc    -std=c99 -o CMakeFiles/cmTC_09a1b.dir/feature_tests.c.o   -c /Users/Alex/Projekte/LLVMInstrumentFunctions/build/CMakeFiles/feature_tests.c
Linking C executable cmTC_09a1b
/usr/local/Cellar/cmake/3.6.1/bin/cmake -E cmake_link_script CMakeFiles/cmTC_09a1b.dir/link.txt --verbose=1
/Applications/Xcode.app/Contents/Developer/Toolchains/XcodeDefault.xctoolchain/usr/bin/cc    -Wl,-search_paths_first -Wl,-headerpad_max_install_names   CMakeFiles/cmTC_09a1b.dir/feature_tests.c.o  -o cmTC_09a1b  


    Feature record: C_FEATURE:1c_function_prototypes
    Feature record: C_FEATURE:1c_restrict
    Feature record: C_FEATURE:0c_static_assert
    Feature record: C_FEATURE:1c_variadic_macros


Detecting C [-std=c90] compiler features compiled with the following output:
Change Dir: /Users/Alex/Projekte/LLVMInstrumentFunctions/build/CMakeFiles/CMakeTmp

Run Build Command:"/usr/bin/make" "cmTC_1ddc5/fast"
/Applications/Xcode.app/Contents/Developer/usr/bin/make -f CMakeFiles/cmTC_1ddc5.dir/build.make CMakeFiles/cmTC_1ddc5.dir/build
Building C object CMakeFiles/cmTC_1ddc5.dir/feature_tests.c.o
/Applications/Xcode.app/Contents/Developer/Toolchains/XcodeDefault.xctoolchain/usr/bin/cc    -std=c90 -o CMakeFiles/cmTC_1ddc5.dir/feature_tests.c.o   -c /Users/Alex/Projekte/LLVMInstrumentFunctions/build/CMakeFiles/feature_tests.c
Linking C executable cmTC_1ddc5
/usr/local/Cellar/cmake/3.6.1/bin/cmake -E cmake_link_script CMakeFiles/cmTC_1ddc5.dir/link.txt --verbose=1
/Applications/Xcode.app/Contents/Developer/Toolchains/XcodeDefault.xctoolchain/usr/bin/cc    -Wl,-search_paths_first -Wl,-headerpad_max_install_names   CMakeFiles/cmTC_1ddc5.dir/feature_tests.c.o  -o cmTC_1ddc5  


    Feature record: C_FEATURE:1c_function_prototypes
    Feature record: C_FEATURE:0c_restrict
    Feature record: C_FEATURE:0c_static_assert
    Feature record: C_FEATURE:0c_variadic_macros
Determining if the CXX compiler works passed with the following output:
Change Dir: /Users/Alex/Projekte/LLVMInstrumentFunctions/build/CMakeFiles/CMakeTmp

Run Build Command:"/usr/bin/make" "cmTC_6798e/fast"
/Applications/Xcode.app/Contents/Developer/usr/bin/make -f CMakeFiles/cmTC_6798e.dir/build.make CMakeFiles/cmTC_6798e.dir/build
Building CXX object CMakeFiles/cmTC_6798e.dir/testCXXCompiler.cxx.o
/Applications/Xcode.app/Contents/Developer/Toolchains/XcodeDefault.xctoolchain/usr/bin/c++      -o CMakeFiles/cmTC_6798e.dir/testCXXCompiler.cxx.o -c /Users/Alex/Projekte/LLVMInstrumentFunctions/build/CMakeFiles/CMakeTmp/testCXXCompiler.cxx
Linking CXX executable cmTC_6798e
/usr/local/Cellar/cmake/3.6.1/bin/cmake -E cmake_link_script CMakeFiles/cmTC_6798e.dir/link.txt --verbose=1
/Applications/Xcode.app/Contents/Developer/Toolchains/XcodeDefault.xctoolchain/usr/bin/c++     -Wl,-search_paths_first -Wl,-headerpad_max_install_names   CMakeFiles/cmTC_6798e.dir/testCXXCompiler.cxx.o  -o cmTC_6798e  


Detecting CXX compiler ABI info compiled with the following output:
Change Dir: /Users/Alex/Projekte/LLVMInstrumentFunctions/build/CMakeFiles/CMakeTmp

Run Build Command:"/usr/bin/make" "cmTC_ede9f/fast"
/Applications/Xcode.app/Contents/Developer/usr/bin/make -f CMakeFiles/cmTC_ede9f.dir/build.make CMakeFiles/cmTC_ede9f.dir/build
Building CXX object CMakeFiles/cmTC_ede9f.dir/CMakeCXXCompilerABI.cpp.o
/Applications/Xcode.app/Contents/Developer/Toolchains/XcodeDefault.xctoolchain/usr/bin/c++      -o CMakeFiles/cmTC_ede9f.dir/CMakeCXXCompilerABI.cpp.o -c /usr/local/Cellar/cmake/3.6.1/share/cmake/Modules/CMakeCXXCompilerABI.cpp
Linking CXX executable cmTC_ede9f
/usr/local/Cellar/cmake/3.6.1/bin/cmake -E cmake_link_script CMakeFiles/cmTC_ede9f.dir/link.txt --verbose=1
/Applications/Xcode.app/Contents/Developer/Toolchains/XcodeDefault.xctoolchain/usr/bin/c++     -Wl,-search_paths_first -Wl,-headerpad_max_install_names  -v -Wl,-v CMakeFiles/cmTC_ede9f.dir/CMakeCXXCompilerABI.cpp.o  -o cmTC_ede9f   
Apple LLVM version 7.3.0 (clang-703.0.31)
Target: x86_64-apple-darwin15.6.0
Thread model: posix
InstalledDir: /Applications/Xcode.app/Contents/Developer/Toolchains/XcodeDefault.xctoolchain/usr/bin
 "/Applications/Xcode.app/Contents/Developer/Toolchains/XcodeDefault.xctoolchain/usr/bin/ld" -demangle -dynamic -arch x86_64 -macosx_version_min 10.11.0 -o cmTC_ede9f -search_paths_first -headerpad_max_install_names -v CMakeFiles/cmTC_ede9f.dir/CMakeCXXCompilerABI.cpp.o -lc++ -lSystem /Applications/Xcode.app/Contents/Developer/Toolchains/XcodeDefault.xctoolchain/usr/bin/../lib/clang/7.3.0/lib/darwin/libclang_rt.osx.a
@(#)PROGRAM:ld  PROJECT:ld64-264.3.102
configured to support archs: armv6 armv7 armv7s arm64 i386 x86_64 x86_64h armv6m armv7k armv7m armv7em (tvOS)
Library search paths:
	/usr/lib
	/usr/local/lib
Framework search paths:
	/Library/Frameworks/
	/System/Library/Frameworks/


Parsed CXX implicit link information from above output:
  link line regex: [^( *|.*[/\])(ld|([^/\]+-)?ld|collect2)[^/\]*( |$)]
  ignore line: [Change Dir: /Users/Alex/Projekte/LLVMInstrumentFunctions/build/CMakeFiles/CMakeTmp]
  ignore line: []
  ignore line: [Run Build Command:"/usr/bin/make" "cmTC_ede9f/fast"]
  ignore line: [/Applications/Xcode.app/Contents/Developer/usr/bin/make -f CMakeFiles/cmTC_ede9f.dir/build.make CMakeFiles/cmTC_ede9f.dir/build]
  ignore line: [Building CXX object CMakeFiles/cmTC_ede9f.dir/CMakeCXXCompilerABI.cpp.o]
  ignore line: [/Applications/Xcode.app/Contents/Developer/Toolchains/XcodeDefault.xctoolchain/usr/bin/c++      -o CMakeFiles/cmTC_ede9f.dir/CMakeCXXCompilerABI.cpp.o -c /usr/local/Cellar/cmake/3.6.1/share/cmake/Modules/CMakeCXXCompilerABI.cpp]
  ignore line: [Linking CXX executable cmTC_ede9f]
  ignore line: [/usr/local/Cellar/cmake/3.6.1/bin/cmake -E cmake_link_script CMakeFiles/cmTC_ede9f.dir/link.txt --verbose=1]
  ignore line: [/Applications/Xcode.app/Contents/Developer/Toolchains/XcodeDefault.xctoolchain/usr/bin/c++     -Wl,-search_paths_first -Wl,-headerpad_max_install_names  -v -Wl,-v CMakeFiles/cmTC_ede9f.dir/CMakeCXXCompilerABI.cpp.o  -o cmTC_ede9f   ]
  ignore line: [Apple LLVM version 7.3.0 (clang-703.0.31)]
  ignore line: [Target: x86_64-apple-darwin15.6.0]
  ignore line: [Thread model: posix]
  ignore line: [InstalledDir: /Applications/Xcode.app/Contents/Developer/Toolchains/XcodeDefault.xctoolchain/usr/bin]
  link line: [ "/Applications/Xcode.app/Contents/Developer/Toolchains/XcodeDefault.xctoolchain/usr/bin/ld" -demangle -dynamic -arch x86_64 -macosx_version_min 10.11.0 -o cmTC_ede9f -search_paths_first -headerpad_max_install_names -v CMakeFiles/cmTC_ede9f.dir/CMakeCXXCompilerABI.cpp.o -lc++ -lSystem /Applications/Xcode.app/Contents/Developer/Toolchains/XcodeDefault.xctoolchain/usr/bin/../lib/clang/7.3.0/lib/darwin/libclang_rt.osx.a]
    arg [/Applications/Xcode.app/Contents/Developer/Toolchains/XcodeDefault.xctoolchain/usr/bin/ld] ==> ignore
    arg [-demangle] ==> ignore
    arg [-dynamic] ==> ignore
    arg [-arch] ==> ignore
    arg [x86_64] ==> ignore
    arg [-macosx_version_min] ==> ignore
    arg [10.11.0] ==> ignore
    arg [-o] ==> ignore
    arg [cmTC_ede9f] ==> ignore
    arg [-search_paths_first] ==> ignore
    arg [-headerpad_max_install_names] ==> ignore
    arg [-v] ==> ignore
    arg [CMakeFiles/cmTC_ede9f.dir/CMakeCXXCompilerABI.cpp.o] ==> ignore
    arg [-lc++] ==> lib [c++]
    arg [-lSystem] ==> lib [System]
    arg [/Applications/Xcode.app/Contents/Developer/Toolchains/XcodeDefault.xctoolchain/usr/bin/../lib/clang/7.3.0/lib/darwin/libclang_rt.osx.a] ==> lib [/Applications/Xcode.app/Contents/Developer/Toolchains/XcodeDefault.xctoolchain/usr/bin/../lib/clang/7.3.0/lib/darwin/libclang_rt.osx.a]
  Library search paths: [;/usr/lib;/usr/local/lib]
  Framework search paths: [;/Library/Frameworks/;/System/Library/Frameworks/]
  remove lib [System]
  collapse lib [/Applications/Xcode.app/Contents/Developer/Toolchains/XcodeDefault.xctoolchain/usr/bin/../lib/clang/7.3.0/lib/darwin/libclang_rt.osx.a] ==> [/Applications/Xcode.app/Contents/Developer/Toolchains/XcodeDefault.xctoolchain/usr/lib/clang/7.3.0/lib/darwin/libclang_rt.osx.a]
  collapse library dir [/usr/lib] ==> [/usr/lib]
  collapse library dir [/usr/local/lib] ==> [/usr/local/lib]
  collapse framework dir [/Library/Frameworks/] ==> [/Library/Frameworks]
  collapse framework dir [/System/Library/Frameworks/] ==> [/System/Library/Frameworks]
  implicit libs: [c++;/Applications/Xcode.app/Contents/Developer/Toolchains/XcodeDefault.xctoolchain/usr/lib/clang/7.3.0/lib/darwin/libclang_rt.osx.a]
  implicit dirs: [/usr/lib;/usr/local/lib]
  implicit fwks: [/Library/Frameworks;/System/Library/Frameworks]




Detecting CXX [-std=c++14] compiler features compiled with the following output:
Change Dir: /Users/Alex/Projekte/LLVMInstrumentFunctions/build/CMakeFiles/CMakeTmp

Run Build Command:"/usr/bin/make" "cmTC_41c01/fast"
/Applications/Xcode.app/Contents/Developer/usr/bin/make -f CMakeFiles/cmTC_41c01.dir/build.make CMakeFiles/cmTC_41c01.dir/build
Building CXX object CMakeFiles/cmTC_41c01.dir/feature_tests.cxx.o
/Applications/Xcode.app/Contents/Developer/Toolchains/XcodeDefault.xctoolchain/usr/bin/c++     -std=c++14 -o CMakeFiles/cmTC_41c01.dir/feature_tests.cxx.o -c /Users/Alex/Projekte/LLVMInstrumentFunctions/build/CMakeFiles/feature_tests.cxx
Linking CXX executable cmTC_41c01
/usr/local/Cellar/cmake/3.6.1/bin/cmake -E cmake_link_script CMakeFiles/cmTC_41c01.dir/link.txt --verbose=1
/Applications/Xcode.app/Contents/Developer/Toolchains/XcodeDefault.xctoolchain/usr/bin/c++     -Wl,-search_paths_first -Wl,-headerpad_max_install_names   CMakeFiles/cmTC_41c01.dir/feature_tests.cxx.o  -o cmTC_41c01  


    Feature record: CXX_FEATURE:1cxx_aggregate_default_initializers
    Feature record: CXX_FEATURE:1cxx_alias_templates
    Feature record: CXX_FEATURE:1cxx_alignas
    Feature record: CXX_FEATURE:1cxx_alignof
    Feature record: CXX_FEATURE:1cxx_attributes
    Feature record: CXX_FEATURE:1cxx_attribute_deprecated
    Feature record: CXX_FEATURE:1cxx_auto_type
    Feature record: CXX_FEATURE:1cxx_binary_literals
    Feature record: CXX_FEATURE:1cxx_constexpr
    Feature record: CXX_FEATURE:1cxx_contextual_conversions
    Feature record: CXX_FEATURE:1cxx_decltype
    Feature record: CXX_FEATURE:1cxx_decltype_auto
    Feature record: CXX_FEATURE:1cxx_decltype_incomplete_return_types
    Feature record: CXX_FEATURE:1cxx_default_function_template_args
    Feature record: CXX_FEATURE:1cxx_defaulted_functions
    Feature record: CXX_FEATURE:1cxx_defaulted_move_initializers
    Feature record: CXX_FEATURE:1cxx_delegating_constructors
    Feature record: CXX_FEATURE:1cxx_deleted_functions
    Feature record: CXX_FEATURE:1cxx_digit_separators
    Feature record: CXX_FEATURE:1cxx_enum_forward_declarations
    Feature record: CXX_FEATURE:1cxx_explicit_conversions
    Feature record: CXX_FEATURE:1cxx_extended_friend_declarations
    Feature record: CXX_FEATURE:1cxx_extern_templates
    Feature record: CXX_FEATURE:1cxx_final
    Feature record: CXX_FEATURE:1cxx_func_identifier
    Feature record: CXX_FEATURE:1cxx_generalized_initializers
    Feature record: CXX_FEATURE:1cxx_generic_lambdas
    Feature record: CXX_FEATURE:1cxx_inheriting_constructors
    Feature record: CXX_FEATURE:1cxx_inline_namespaces
    Feature record: CXX_FEATURE:1cxx_lambdas
    Feature record: CXX_FEATURE:1cxx_lambda_init_captures
    Feature record: CXX_FEATURE:1cxx_local_type_template_args
    Feature record: CXX_FEATURE:1cxx_long_long_type
    Feature record: CXX_FEATURE:1cxx_noexcept
    Feature record: CXX_FEATURE:1cxx_nonstatic_member_init
    Feature record: CXX_FEATURE:1cxx_nullptr
    Feature record: CXX_FEATURE:1cxx_override
    Feature record: CXX_FEATURE:1cxx_range_for
    Feature record: CXX_FEATURE:1cxx_raw_string_literals
    Feature record: CXX_FEATURE:1cxx_reference_qualified_functions
    Feature record: CXX_FEATURE:1cxx_relaxed_constexpr
    Feature record: CXX_FEATURE:1cxx_return_type_deduction
    Feature record: CXX_FEATURE:1cxx_right_angle_brackets
    Feature record: CXX_FEATURE:1cxx_rvalue_references
    Feature record: CXX_FEATURE:1cxx_sizeof_member
    Feature record: CXX_FEATURE:1cxx_static_assert
    Feature record: CXX_FEATURE:1cxx_strong_enums
    Feature record: CXX_FEATURE:1cxx_template_template_parameters
    Feature record: CXX_FEATURE:0cxx_thread_local
    Feature record: CXX_FEATURE:1cxx_trailing_return_types
    Feature record: CXX_FEATURE:1cxx_unicode_literals
    Feature record: CXX_FEATURE:1cxx_uniform_initialization
    Feature record: CXX_FEATURE:1cxx_unrestricted_unions
    Feature record: CXX_FEATURE:1cxx_user_literals
    Feature record: CXX_FEATURE:1cxx_variable_templates
    Feature record: CXX_FEATURE:1cxx_variadic_macros
    Feature record: CXX_FEATURE:1cxx_variadic_templates


Detecting CXX [-std=c++11] compiler features compiled with the following output:
Change Dir: /Users/Alex/Projekte/LLVMInstrumentFunctions/build/CMakeFiles/CMakeTmp

Run Build Command:"/usr/bin/make" "cmTC_d7bfd/fast"
/Applications/Xcode.app/Contents/Developer/usr/bin/make -f CMakeFiles/cmTC_d7bfd.dir/build.make CMakeFiles/cmTC_d7bfd.dir/build
Building CXX object CMakeFiles/cmTC_d7bfd.dir/feature_tests.cxx.o
/Applications/Xcode.app/Contents/Developer/Toolchains/XcodeDefault.xctoolchain/usr/bin/c++     -std=c++11 -o CMakeFiles/cmTC_d7bfd.dir/feature_tests.cxx.o -c /Users/Alex/Projekte/LLVMInstrumentFunctions/build/CMakeFiles/feature_tests.cxx
Linking CXX executable cmTC_d7bfd
/usr/local/Cellar/cmake/3.6.1/bin/cmake -E cmake_link_script CMakeFiles/cmTC_d7bfd.dir/link.txt --verbose=1
/Applications/Xcode.app/Contents/Developer/Toolchains/XcodeDefault.xctoolchain/usr/bin/c++     -Wl,-search_paths_first -Wl,-headerpad_max_install_names   CMakeFiles/cmTC_d7bfd.dir/feature_tests.cxx.o  -o cmTC_d7bfd  


    Feature record: CXX_FEATURE:0cxx_aggregate_default_initializers
    Feature record: CXX_FEATURE:1cxx_alias_templates
    Feature record: CXX_FEATURE:1cxx_alignas
    Feature record: CXX_FEATURE:1cxx_alignof
    Feature record: CXX_FEATURE:1cxx_attributes
    Feature record: CXX_FEATURE:0cxx_attribute_deprecated
    Feature record: CXX_FEATURE:1cxx_auto_type
    Feature record: CXX_FEATURE:0cxx_binary_literals
    Feature record: CXX_FEATURE:1cxx_constexpr
    Feature record: CXX_FEATURE:0cxx_contextual_conversions
    Feature record: CXX_FEATURE:1cxx_decltype
    Feature record: CXX_FEATURE:0cxx_decltype_auto
    Feature record: CXX_FEATURE:1cxx_decltype_incomplete_return_types
    Feature record: CXX_FEATURE:1cxx_default_function_template_args
    Feature record: CXX_FEATURE:1cxx_defaulted_functions
    Feature record: CXX_FEATURE:1cxx_defaulted_move_initializers
    Feature record: CXX_FEATURE:1cxx_delegating_constructors
    Feature record: CXX_FEATURE:1cxx_deleted_functions
    Feature record: CXX_FEATURE:0cxx_digit_separators
    Feature record: CXX_FEATURE:1cxx_enum_forward_declarations
    Feature record: CXX_FEATURE:1cxx_explicit_conversions
    Feature record: CXX_FEATURE:1cxx_extended_friend_declarations
    Feature record: CXX_FEATURE:1cxx_extern_templates
    Feature record: CXX_FEATURE:1cxx_final
    Feature record: CXX_FEATURE:1cxx_func_identifier
    Feature record: CXX_FEATURE:1cxx_generalized_initializers
    Feature record: CXX_FEATURE:0cxx_generic_lambdas
    Feature record: CXX_FEATURE:1cxx_inheriting_constructors
    Feature record: CXX_FEATURE:1cxx_inline_namespaces
    Feature record: CXX_FEATURE:1cxx_lambdas
    Feature record: CXX_FEATURE:0cxx_lambda_init_captures
    Feature record: CXX_FEATURE:1cxx_local_type_template_args
    Feature record: CXX_FEATURE:1cxx_long_long_type
    Feature record: CXX_FEATURE:1cxx_noexcept
    Feature record: CXX_FEATURE:1cxx_nonstatic_member_init
    Feature record: CXX_FEATURE:1cxx_nullptr
    Feature record: CXX_FEATURE:1cxx_override
    Feature record: CXX_FEATURE:1cxx_range_for
    Feature record: CXX_FEATURE:1cxx_raw_string_literals
    Feature record: CXX_FEATURE:1cxx_reference_qualified_functions
    Feature record: CXX_FEATURE:0cxx_relaxed_constexpr
    Feature record: CXX_FEATURE:0cxx_return_type_deduction
    Feature record: CXX_FEATURE:1cxx_right_angle_brackets
    Feature record: CXX_FEATURE:1cxx_rvalue_references
    Feature record: CXX_FEATURE:1cxx_sizeof_member
    Feature record: CXX_FEATURE:1cxx_static_assert
    Feature record: CXX_FEATURE:1cxx_strong_enums
    Feature record: CXX_FEATURE:1cxx_template_template_parameters
    Feature record: CXX_FEATURE:0cxx_thread_local
    Feature record: CXX_FEATURE:1cxx_trailing_return_types
    Feature record: CXX_FEATURE:1cxx_unicode_literals
    Feature record: CXX_FEATURE:1cxx_uniform_initialization
    Feature record: CXX_FEATURE:1cxx_unrestricted_unions
    Feature record: CXX_FEATURE:1cxx_user_literals
    Feature record: CXX_FEATURE:0cxx_variable_templates
    Feature record: CXX_FEATURE:1cxx_variadic_macros
    Feature record: CXX_FEATURE:1cxx_variadic_templates


Detecting CXX [-std=c++98] compiler features compiled with the following output:
Change Dir: /Users/Alex/Projekte/LLVMInstrumentFunctions/build/CMakeFiles/CMakeTmp

Run Build Command:"/usr/bin/make" "cmTC_9a774/fast"
/Applications/Xcode.app/Contents/Developer/usr/bin/make -f CMakeFiles/cmTC_9a774.dir/build.make CMakeFiles/cmTC_9a774.dir/build
Building CXX object CMakeFiles/cmTC_9a774.dir/feature_tests.cxx.o
/Applications/Xcode.app/Contents/Developer/Toolchains/XcodeDefault.xctoolchain/usr/bin/c++     -std=c++98 -o CMakeFiles/cmTC_9a774.dir/feature_tests.cxx.o -c /Users/Alex/Projekte/LLVMInstrumentFunctions/build/CMakeFiles/feature_tests.cxx
Linking CXX executable cmTC_9a774
/usr/local/Cellar/cmake/3.6.1/bin/cmake -E cmake_link_script CMakeFiles/cmTC_9a774.dir/link.txt --verbose=1
/Applications/Xcode.app/Contents/Developer/Toolchains/XcodeDefault.xctoolchain/usr/bin/c++     -Wl,-search_paths_first -Wl,-headerpad_max_install_names   CMakeFiles/cmTC_9a774.dir/feature_tests.cxx.o  -o cmTC_9a774  


    Feature record: CXX_FEATURE:0cxx_aggregate_default_initializers
    Feature record: CXX_FEATURE:0cxx_alias_templates
    Feature record: CXX_FEATURE:0cxx_alignas
    Feature record: CXX_FEATURE:0cxx_alignof
    Feature record: CXX_FEATURE:0cxx_attributes
    Feature record: CXX_FEATURE:0cxx_attribute_deprecated
    Feature record: CXX_FEATURE:0cxx_auto_type
    Feature record: CXX_FEATURE:0cxx_binary_literals
    Feature record: CXX_FEATURE:0cxx_constexpr
    Feature record: CXX_FEATURE:0cxx_contextual_conversions
    Feature record: CXX_FEATURE:0cxx_decltype
    Feature record: CXX_FEATURE:0cxx_decltype_auto
    Feature record: CXX_FEATURE:0cxx_decltype_incomplete_return_types
    Feature record: CXX_FEATURE:0cxx_default_function_template_args
    Feature record: CXX_FEATURE:0cxx_defaulted_functions
    Feature record: CXX_FEATURE:0cxx_defaulted_move_initializers
    Feature record: CXX_FEATURE:0cxx_delegating_constructors
    Feature record: CXX_FEATURE:0cxx_deleted_functions
    Feature record: CXX_FEATURE:0cxx_digit_separators
    Feature record: CXX_FEATURE:0cxx_enum_forward_declarations
    Feature record: CXX_FEATURE:0cxx_explicit_conversions
    Feature record: CXX_FEATURE:0cxx_extended_friend_declarations
    Feature record: CXX_FEATURE:0cxx_extern_templates
    Feature record: CXX_FEATURE:0cxx_final
    Feature record: CXX_FEATURE:0cxx_func_identifier
    Feature record: CXX_FEATURE:0cxx_generalized_initializers
    Feature record: CXX_FEATURE:0cxx_generic_lambdas
    Feature record: CXX_FEATURE:0cxx_inheriting_constructors
    Feature record: CXX_FEATURE:0cxx_inline_namespaces
    Feature record: CXX_FEATURE:0cxx_lambdas
    Feature record: CXX_FEATURE:0cxx_lambda_init_captures
    Feature record: CXX_FEATURE:0cxx_local_type_template_args
    Feature record: CXX_FEATURE:0cxx_long_long_type
    Feature record: CXX_FEATURE:0cxx_noexcept
    Feature record: CXX_FEATURE:0cxx_nonstatic_member_init
    Feature record: CXX_FEATURE:0cxx_nullptr
    Feature record: CXX_FEATURE:0cxx_override
    Feature record: CXX_FEATURE:0cxx_range_for
    Feature record: CXX_FEATURE:0cxx_raw_string_literals
    Feature record: CXX_FEATURE:0cxx_reference_qualified_functions
    Feature record: CXX_FEATURE:0cxx_relaxed_constexpr
    Feature record: CXX_FEATURE:0cxx_return_type_deduction
    Feature record: CXX_FEATURE:0cxx_right_angle_brackets
    Feature record: CXX_FEATURE:0cxx_rvalue_references
    Feature record: CXX_FEATURE:0cxx_sizeof_member
    Feature record: CXX_FEATURE:0cxx_static_assert
    Feature record: CXX_FEATURE:0cxx_strong_enums
    Feature record: CXX_FEATURE:1cxx_template_template_parameters
    Feature record: CXX_FEATURE:0cxx_thread_local
    Feature record: CXX_FEATURE:0cxx_trailing_return_types
    Feature record: CXX_FEATURE:0cxx_unicode_literals
    Feature record: CXX_FEATURE:0cxx_uniform_initialization
    Feature record: CXX_FEATURE:0cxx_unrestricted_unions
    Feature record: CXX_FEATURE:0cxx_user_literals
    Feature record: CXX_FEATURE:0cxx_variable_templates
    Feature record: CXX_FEATURE:0cxx_variadic_macros
    Feature record: CXX_FEATURE:0cxx_variadic_templates
Performing C++ SOURCE FILE Test LLVM_NO_OLD_LIBSTDCXX succeeded with the following output:
Change Dir: /Users/Alex/Projekte/LLVMInstrumentFunctions/build/CMakeFiles/CMakeTmp

Run Build Command:"/usr/bin/make" "cmTC_b914e/fast"
/Applications/Xcode.app/Contents/Developer/usr/bin/make -f CMakeFiles/cmTC_b914e.dir/build.make CMakeFiles/cmTC_b914e.dir/build
Building CXX object CMakeFiles/cmTC_b914e.dir/src.cxx.o
/Applications/Xcode.app/Contents/Developer/Toolchains/XcodeDefault.xctoolchain/usr/bin/c++     -DLLVM_NO_OLD_LIBSTDCXX -std=c++0x   -o CMakeFiles/cmTC_b914e.dir/src.cxx.o -c /Users/Alex/Projekte/LLVMInstrumentFunctions/build/CMakeFiles/CMakeTmp/src.cxx
Linking CXX executable cmTC_b914e
/usr/local/Cellar/cmake/3.6.1/bin/cmake -E cmake_link_script CMakeFiles/cmTC_b914e.dir/link.txt --verbose=1
/Applications/Xcode.app/Contents/Developer/Toolchains/XcodeDefault.xctoolchain/usr/bin/c++    -DLLVM_NO_OLD_LIBSTDCXX -std=c++0x -Wl,-search_paths_first -Wl,-headerpad_max_install_names   CMakeFiles/cmTC_b914e.dir/src.cxx.o  -o cmTC_b914e 

Source file was:

#include <atomic>
std::atomic<float> x(0.0f);
int main() { return (float)x; }
Performing C SOURCE FILE Test C_SUPPORTS_FPIC succeeded with the following output:
Change Dir: /Users/Alex/Projekte/LLVMInstrumentFunctions/build/CMakeFiles/CMakeTmp

Run Build Command:"/usr/bin/make" "cmTC_3f51a/fast"
/Applications/Xcode.app/Contents/Developer/usr/bin/make -f CMakeFiles/cmTC_3f51a.dir/build.make CMakeFiles/cmTC_3f51a.dir/build
Building C object CMakeFiles/cmTC_3f51a.dir/src.c.o
/Applications/Xcode.app/Contents/Developer/Toolchains/XcodeDefault.xctoolchain/usr/bin/cc    -DC_SUPPORTS_FPIC   -Werror -fPIC -o CMakeFiles/cmTC_3f51a.dir/src.c.o   -c /Users/Alex/Projekte/LLVMInstrumentFunctions/build/CMakeFiles/CMakeTmp/src.c
Linking C executable cmTC_3f51a
/usr/local/Cellar/cmake/3.6.1/bin/cmake -E cmake_link_script CMakeFiles/cmTC_3f51a.dir/link.txt --verbose=1
/Applications/Xcode.app/Contents/Developer/Toolchains/XcodeDefault.xctoolchain/usr/bin/cc   -DC_SUPPORTS_FPIC -Wl,-search_paths_first -Wl,-headerpad_max_install_names   CMakeFiles/cmTC_3f51a.dir/src.c.o  -o cmTC_3f51a 

Source file was:
int main(void) { return 0; }
Performing C++ SOURCE FILE Test CXX_SUPPORTS_FPIC succeeded with the following output:
Change Dir: /Users/Alex/Projekte/LLVMInstrumentFunctions/build/CMakeFiles/CMakeTmp

Run Build Command:"/usr/bin/make" "cmTC_de3de/fast"
/Applications/Xcode.app/Contents/Developer/usr/bin/make -f CMakeFiles/cmTC_de3de.dir/build.make CMakeFiles/cmTC_de3de.dir/build
Building CXX object CMakeFiles/cmTC_de3de.dir/src.cxx.o
/Applications/Xcode.app/Contents/Developer/Toolchains/XcodeDefault.xctoolchain/usr/bin/c++     -DCXX_SUPPORTS_FPIC   -Werror -fPIC -o CMakeFiles/cmTC_de3de.dir/src.cxx.o -c /Users/Alex/Projekte/LLVMInstrumentFunctions/build/CMakeFiles/CMakeTmp/src.cxx
Linking CXX executable cmTC_de3de
/usr/local/Cellar/cmake/3.6.1/bin/cmake -E cmake_link_script CMakeFiles/cmTC_de3de.dir/link.txt --verbose=1
/Applications/Xcode.app/Contents/Developer/Toolchains/XcodeDefault.xctoolchain/usr/bin/c++    -DCXX_SUPPORTS_FPIC -Wl,-search_paths_first -Wl,-headerpad_max_install_names   CMakeFiles/cmTC_de3de.dir/src.cxx.o  -o cmTC_de3de 

Source file was:
int main() { return 0; }
Performing C++ SOURCE FILE Test SUPPORTS_FVISIBILITY_INLINES_HIDDEN_FLAG succeeded with the following output:
Change Dir: /Users/Alex/Projekte/LLVMInstrumentFunctions/build/CMakeFiles/CMakeTmp

Run Build Command:"/usr/bin/make" "cmTC_21c67/fast"
/Applications/Xcode.app/Contents/Developer/usr/bin/make -f CMakeFiles/cmTC_21c67.dir/build.make CMakeFiles/cmTC_21c67.dir/build
Building CXX object CMakeFiles/cmTC_21c67.dir/src.cxx.o
/Applications/Xcode.app/Contents/Developer/Toolchains/XcodeDefault.xctoolchain/usr/bin/c++     -fPIC -DSUPPORTS_FVISIBILITY_INLINES_HIDDEN_FLAG   -fvisibility-inlines-hidden -o CMakeFiles/cmTC_21c67.dir/src.cxx.o -c /Users/Alex/Projekte/LLVMInstrumentFunctions/build/CMakeFiles/CMakeTmp/src.cxx
Linking CXX executable cmTC_21c67
/usr/local/Cellar/cmake/3.6.1/bin/cmake -E cmake_link_script CMakeFiles/cmTC_21c67.dir/link.txt --verbose=1
/Applications/Xcode.app/Contents/Developer/Toolchains/XcodeDefault.xctoolchain/usr/bin/c++    -fPIC -DSUPPORTS_FVISIBILITY_INLINES_HIDDEN_FLAG -Wl,-search_paths_first -Wl,-headerpad_max_install_names   CMakeFiles/cmTC_21c67.dir/src.cxx.o  -o cmTC_21c67 

Source file was:
int main() { return 0; }
Performing C SOURCE FILE Test C_SUPPORTS_WERROR_DATE_TIME succeeded with the following output:
Change Dir: /Users/Alex/Projekte/LLVMInstrumentFunctions/build/CMakeFiles/CMakeTmp

Run Build Command:"/usr/bin/make" "cmTC_16c2c/fast"
/Applications/Xcode.app/Contents/Developer/usr/bin/make -f CMakeFiles/cmTC_16c2c.dir/build.make CMakeFiles/cmTC_16c2c.dir/build
Building C object CMakeFiles/cmTC_16c2c.dir/src.c.o
/Applications/Xcode.app/Contents/Developer/Toolchains/XcodeDefault.xctoolchain/usr/bin/cc    -fPIC -DC_SUPPORTS_WERROR_DATE_TIME   -Werror -Werror=date-time -o CMakeFiles/cmTC_16c2c.dir/src.c.o   -c /Users/Alex/Projekte/LLVMInstrumentFunctions/build/CMakeFiles/CMakeTmp/src.c
Linking C executable cmTC_16c2c
/usr/local/Cellar/cmake/3.6.1/bin/cmake -E cmake_link_script CMakeFiles/cmTC_16c2c.dir/link.txt --verbose=1
/Applications/Xcode.app/Contents/Developer/Toolchains/XcodeDefault.xctoolchain/usr/bin/cc   -fPIC -DC_SUPPORTS_WERROR_DATE_TIME -Wl,-search_paths_first -Wl,-headerpad_max_install_names   CMakeFiles/cmTC_16c2c.dir/src.c.o  -o cmTC_16c2c 

Source file was:
int main(void) { return 0; }
Performing C++ SOURCE FILE Test CXX_SUPPORTS_WERROR_DATE_TIME succeeded with the following output:
Change Dir: /Users/Alex/Projekte/LLVMInstrumentFunctions/build/CMakeFiles/CMakeTmp

Run Build Command:"/usr/bin/make" "cmTC_7709d/fast"
/Applications/Xcode.app/Contents/Developer/usr/bin/make -f CMakeFiles/cmTC_7709d.dir/build.make CMakeFiles/cmTC_7709d.dir/build
Building CXX object CMakeFiles/cmTC_7709d.dir/src.cxx.o
/Applications/Xcode.app/Contents/Developer/Toolchains/XcodeDefault.xctoolchain/usr/bin/c++     -fPIC -fvisibility-inlines-hidden -DCXX_SUPPORTS_WERROR_DATE_TIME   -Werror -Werror=date-time -o CMakeFiles/cmTC_7709d.dir/src.cxx.o -c /Users/Alex/Projekte/LLVMInstrumentFunctions/build/CMakeFiles/CMakeTmp/src.cxx
Linking CXX executable cmTC_7709d
/usr/local/Cellar/cmake/3.6.1/bin/cmake -E cmake_link_script CMakeFiles/cmTC_7709d.dir/link.txt --verbose=1
/Applications/Xcode.app/Contents/Developer/Toolchains/XcodeDefault.xctoolchain/usr/bin/c++    -fPIC -fvisibility-inlines-hidden -DCXX_SUPPORTS_WERROR_DATE_TIME -Wl,-search_paths_first -Wl,-headerpad_max_install_names   CMakeFiles/cmTC_7709d.dir/src.cxx.o  -o cmTC_7709d 

Source file was:
int main() { return 0; }
Performing C++ SOURCE FILE Test CXX_SUPPORTS_CXX11 succeeded with the following output:
Change Dir: /Users/Alex/Projekte/LLVMInstrumentFunctions/build/CMakeFiles/CMakeTmp

Run Build Command:"/usr/bin/make" "cmTC_87652/fast"
/Applications/Xcode.app/Contents/Developer/usr/bin/make -f CMakeFiles/cmTC_87652.dir/build.make CMakeFiles/cmTC_87652.dir/build
Building CXX object CMakeFiles/cmTC_87652.dir/src.cxx.o
/Applications/Xcode.app/Contents/Developer/Toolchains/XcodeDefault.xctoolchain/usr/bin/c++     -fPIC -fvisibility-inlines-hidden -Werror=date-time -DCXX_SUPPORTS_CXX11   -std=c++11 -o CMakeFiles/cmTC_87652.dir/src.cxx.o -c /Users/Alex/Projekte/LLVMInstrumentFunctions/build/CMakeFiles/CMakeTmp/src.cxx
Linking CXX executable cmTC_87652
/usr/local/Cellar/cmake/3.6.1/bin/cmake -E cmake_link_script CMakeFiles/cmTC_87652.dir/link.txt --verbose=1
/Applications/Xcode.app/Contents/Developer/Toolchains/XcodeDefault.xctoolchain/usr/bin/c++    -fPIC -fvisibility-inlines-hidden -Werror=date-time -DCXX_SUPPORTS_CXX11 -Wl,-search_paths_first -Wl,-headerpad_max_install_names   CMakeFiles/cmTC_87652.dir/src.cxx.o  -o cmTC_87652 

Source file was:
int main() { return 0; }
